Using pre-set license
Built from '2020.2/release' branch; Version is '2020.2.2f1 (068178b99f32) revision 426360'; Using compiler version '192528614'; Build Type 'Release'
OS: 'Windows 10 Pro; OS build 19041.264; Version 2004; 64bit' Language: 'en' Physical Memory: 16319 MB
BatchMode: 1, IsHumanControllingUs: 0, StartBugReporterOnCrash: 0, Is64bit: 1, IsPro: 0

 COMMAND LINE ARGUMENTS:
D:\Unity Editor\2020.2.2f1\Editor\Unity.exe
-adb2
-batchMode
-noUpm
-name
AssetImportWorker0
-projectPath
D:/unity/2.5d
-logFile
Logs/AssetImportWorker0.log
-srvPort
10930
Successfully changed project path to: D:/unity/2.5d
D:/unity/2.5d
Using Asset Import Pipeline V2.
Refreshing native plugins compatible for Editor in 38.57 ms, found 0 plugins.
Preloading 0 native plugins for Editor in 0.00 ms.
Initialize engine version: 2020.2.2f1 (068178b99f32)
[Subsystems] Discovering subsystems at path D:/Unity Editor/2020.2.2f1/Editor/Data/Resources/UnitySubsystems
[Subsystems] Discovering subsystems at path D:/unity/2.5d/Assets
GfxDevice: creating device client; threaded=0
Direct3D:
    Version:  Direct3D 11.0 [level 11.1]
    Renderer: NVIDIA GeForce GTX 1650 (ID=0x1f82)
    Vendor:   
    VRAM:     3962 MB
    Driver:   27.21.14.5206
Shader 'Universal Render Pipeline/Particles/Lit': fallback shader 'Universal Render Pipeline/Particles/SimpleLit' not found
Initialize mono
Mono path[0] = 'D:/Unity Editor/2020.2.2f1/Editor/Data/Managed'
Mono path[1] = 'D:/Unity Editor/2020.2.2f1/Editor/Data/MonoBleedingEdge/lib/mono/unityjit'
Mono config path = 'D:/Unity Editor/2020.2.2f1/Editor/Data/MonoBleedingEdge/etc'
Using monoOptions --debugger-agent=transport=dt_socket,embedding=1,server=y,suspend=n,address=127.0.0.1:56448
Begin MonoManager ReloadAssembly
Registering precompiled unity dll's ...
Register platform support module: D:/Unity Editor/2020.2.2f1/Editor/Data/PlaybackEngines/WebGLSupport/UnityEditor.WebGL.Extensions.dll
Register platform support module: D:/Unity Editor/2020.2.2f1/Editor/Data/PlaybackEngines/WindowsStandaloneSupport/UnityEditor.WindowsStandalone.Extensions.dll
Registered in 0.001196 seconds.
Native extension for WindowsStandalone target not found
Native extension for WebGL target not found
Refreshing native plugins compatible for Editor in 39.69 ms, found 0 plugins.
Preloading 0 native plugins for Editor in 0.00 ms.
Invoked RoslynAnalysisRunner static constructor.
RoslynAnalysisRunner will not be running.
RoslynAnalysisRunner has terminated.
Mono: successfully reloaded assembly
- Completed reload, in  1.483 seconds
Platform modules already initialized, skipping
Registering precompiled user dll's ...
Registered in 0.001148 seconds.
Begin MonoManager ReloadAssembly
Native extension for WindowsStandalone target not found
Native extension for WebGL target not found
Refreshing native plugins compatible for Editor in 41.34 ms, found 0 plugins.
Preloading 0 native plugins for Editor in 0.00 ms.
Invoked RoslynAnalysisRunner static constructor.
RoslynAnalysisRunner will not be running.
RoslynAnalysisRunner has terminated.
Mono: successfully reloaded assembly
- Completed reload, in  0.843 seconds
Platform modules already initialized, skipping
========================================================================
Worker process is ready to serve import requests
Shader 'Universal Render Pipeline/Particles/Lit': fallback shader 'Universal Render Pipeline/Particles/SimpleLit' not found
Launched and connected shader compiler UnityShaderCompiler.exe after 0.04 seconds
Refreshing native plugins compatible for Editor in 0.42 ms, found 0 plugins.
Preloading 0 native plugins for Editor in 0.00 ms.
Unloading 2394 Unused Serialized files (Serialized files now loaded: 0)
System memory in use before: 123.7 MB.
System memory in use after: 123.9 MB.

Unloading 11 unused Assets to reduce memory usage. Loaded Objects now: 2850.
Total: 2.396500 ms (FindLiveObjects: 0.464200 ms CreateObjectMapping: 0.142900 ms MarkObjects: 1.624300 ms  DeleteObjects: 0.110000 ms)

========================================================================
Received Import Request.
  path: Assets/Player.mat
  artifactKey: Guid(9d55af61364c839439a229ffa0cb4f2f) Importer(815301076,1909f56bfc062723c751e8b465ee728b)
Start importing Assets/Player.mat using Guid(9d55af61364c839439a229ffa0cb4f2f) Importer(815301076,1909f56bfc062723c751e8b465ee728b)  -> (artifact id: 'ea171002b3f1077c44435ee666924984') in 0.320368 seconds
  Import took 0.325627 seconds .

========================================================================
Received Import Request.
  Time since last request: 0.010968 seconds.
  path: Assets/Player.mat
  artifactKey: Guid(9d55af61364c839439a229ffa0cb4f2f) Importer(815301076,1909f56bfc062723c751e8b465ee728b)
Start importing Assets/Player.mat using Guid(9d55af61364c839439a229ffa0cb4f2f) Importer(815301076,1909f56bfc062723c751e8b465ee728b)  -> (artifact id: 'ea171002b3f1077c44435ee666924984') in 0.007626 seconds
  Import took 0.011291 seconds .

========================================================================
Received Prepare
Registering precompiled user dll's ...
Registered in 0.001074 seconds.
Begin MonoManager ReloadAssembly
Native extension for WindowsStandalone target not found
Native extension for WebGL target not found
Refreshing native plugins compatible for Editor in 0.41 ms, found 0 plugins.
Preloading 0 native plugins for Editor in 0.00 ms.
Invoked RoslynAnalysisRunner static constructor.
RoslynAnalysisRunner will not be running.
RoslynAnalysisRunner has terminated.
Mono: successfully reloaded assembly
- Completed reload, in  0.868 seconds
Platform modules already initialized, skipping
Shader 'Universal Render Pipeline/Particles/Lit': fallback shader 'Universal Render Pipeline/Particles/SimpleLit' not found
Refreshing native plugins compatible for Editor in 0.47 ms, found 0 plugins.
Preloading 0 native plugins for Editor in 0.00 ms.
Unloading 2286 Unused Serialized files (Serialized files now loaded: 0)
System memory in use before: 123.6 MB.
System memory in use after: 123.8 MB.

Unloading 6 unused Assets to reduce memory usage. Loaded Objects now: 2930.
Total: 2.834700 ms (FindLiveObjects: 0.331300 ms CreateObjectMapping: 0.189000 ms MarkObjects: 2.203500 ms  DeleteObjects: 0.109300 ms)

========================================================================
Received Import Request.
  Time since last request: 139.208189 seconds.
  path: Assets/Player Shader Graph.shadergraph
  artifactKey: Guid(16bcf70f660f92746b900f3d92cacdf5) Importer(815301076,1909f56bfc062723c751e8b465ee728b)
Start importing Assets/Player Shader Graph.shadergraph using Guid(16bcf70f660f92746b900f3d92cacdf5) Importer(815301076,1909f56bfc062723c751e8b465ee728b)  -> (artifact id: '88cfb9e8108c2277acf87e7b20415a1e') in 0.019803 seconds
  Import took 0.023597 seconds .

========================================================================
Received Import Request.
  Time since last request: 57.339208 seconds.
  path: Assets/Scripts
  artifactKey: Guid(c850dcd4fbdd75141a031b6732117188) Importer(815301076,1909f56bfc062723c751e8b465ee728b)
Start importing Assets/Scripts using Guid(c850dcd4fbdd75141a031b6732117188) Importer(815301076,1909f56bfc062723c751e8b465ee728b)  -> (artifact id: '426bf118e66200799d4ff71b5d001d47') in 0.003447 seconds
  Import took 0.009055 seconds .

========================================================================
Received Prepare
Registering precompiled user dll's ...
Registered in 0.001348 seconds.
Begin MonoManager ReloadAssembly
Native extension for WindowsStandalone target not found
Native extension for WebGL target not found
Refreshing native plugins compatible for Editor in 0.37 ms, found 0 plugins.
Preloading 0 native plugins for Editor in 0.00 ms.
Invoked RoslynAnalysisRunner static constructor.
RoslynAnalysisRunner will not be running.
RoslynAnalysisRunner has terminated.
Mono: successfully reloaded assembly
- Completed reload, in  0.828 seconds
Platform modules already initialized, skipping
Shader 'Universal Render Pipeline/Particles/Lit': fallback shader 'Universal Render Pipeline/Particles/SimpleLit' not found
Refreshing native plugins compatible for Editor in 0.54 ms, found 0 plugins.
Preloading 0 native plugins for Editor in 0.00 ms.
Unloading 2286 Unused Serialized files (Serialized files now loaded: 0)
System memory in use before: 124.7 MB.
System memory in use after: 124.9 MB.

Unloading 6 unused Assets to reduce memory usage. Loaded Objects now: 2932.
Total: 3.660300 ms (FindLiveObjects: 0.380000 ms CreateObjectMapping: 0.170700 ms MarkObjects: 2.972700 ms  DeleteObjects: 0.134300 ms)

========================================================================
Received Import Request.
  Time since last request: 12.048544 seconds.
  path: Assets/Materials
  artifactKey: Guid(38f6438d101e3364d94d5fef8e3892be) Importer(815301076,1909f56bfc062723c751e8b465ee728b)
Start importing Assets/Materials using Guid(38f6438d101e3364d94d5fef8e3892be) Importer(815301076,1909f56bfc062723c751e8b465ee728b)  -> (artifact id: '1e5bd713101e7045d0fab2ddac7e899d') in 0.004031 seconds
  Import took 0.007555 seconds .

========================================================================
Received Import Request.
  Time since last request: 0.005218 seconds.
  path: Assets/Materials
  artifactKey: Guid(38f6438d101e3364d94d5fef8e3892be) Importer(815301076,1909f56bfc062723c751e8b465ee728b)
Start importing Assets/Materials using Guid(38f6438d101e3364d94d5fef8e3892be) Importer(815301076,1909f56bfc062723c751e8b465ee728b)  -> (artifact id: '1e5bd713101e7045d0fab2ddac7e899d') in 0.001225 seconds
  Import took 0.004600 seconds .

========================================================================
Received Import Request.
  Time since last request: 23.317216 seconds.
  path: Assets/Materials/Player Shader Graph.shadergraph
  artifactKey: Guid(636123f157d08a642b2119307826c4f6) Importer(815301076,1909f56bfc062723c751e8b465ee728b)
Start importing Assets/Materials/Player Shader Graph.shadergraph using Guid(636123f157d08a642b2119307826c4f6) Importer(815301076,1909f56bfc062723c751e8b465ee728b)  -> (artifact id: '99e6dd91e837ce1dfb0329836884afa5') in 0.008641 seconds
  Import took 0.012596 seconds .

========================================================================
Received Import Request.
  Time since last request: 0.398873 seconds.
  path: Assets/Materials/Player Shader Graph.shadergraph
  artifactKey: Guid(636123f157d08a642b2119307826c4f6) Importer(815301076,1909f56bfc062723c751e8b465ee728b)
Start importing Assets/Materials/Player Shader Graph.shadergraph using Guid(636123f157d08a642b2119307826c4f6) Importer(815301076,1909f56bfc062723c751e8b465ee728b)  -> (artifact id: '99e6dd91e837ce1dfb0329836884afa5') in 0.002806 seconds
  Import took 0.007559 seconds .

========================================================================
Received Import Request.
  Time since last request: 49.169387 seconds.
  path: Assets/Scenes/SampleScene/Lightmap-0_comp_dir.png
  artifactKey: Guid(237dca9cbfe5cac468f88b7b1bde8d6c) Importer(815301076,1909f56bfc062723c751e8b465ee728b)
Start importing Assets/Scenes/SampleScene/Lightmap-0_comp_dir.png using Guid(237dca9cbfe5cac468f88b7b1bde8d6c) Importer(815301076,1909f56bfc062723c751e8b465ee728b)  -> (artifact id: '9477351e3c05ef6b58876cdc192de2aa') in 0.132822 seconds
  Import took 0.137647 seconds .

========================================================================
Received Import Request.
  Time since last request: 0.000761 seconds.
  path: Assets/Scenes/SampleScene/Lightmap-0_comp_shadowmask.png
  artifactKey: Guid(a3696e24fcd08b340b4e85fdea8b8bd3) Importer(815301076,1909f56bfc062723c751e8b465ee728b)
Start importing Assets/Scenes/SampleScene/Lightmap-0_comp_shadowmask.png using Guid(a3696e24fcd08b340b4e85fdea8b8bd3) Importer(815301076,1909f56bfc062723c751e8b465ee728b)  -> (artifact id: '28115a0df98bfc601ea1d818418739f3') in 0.008761 seconds
  Import took 0.014833 seconds .

========================================================================
Received Import Request.
  Time since last request: 0.000198 seconds.
  path: Assets/Scenes/SampleScene/Lightmap-0_comp_light.exr
  artifactKey: Guid(81829a0fd8409b549ab52c42255f7e21) Importer(815301076,1909f56bfc062723c751e8b465ee728b)
Start importing Assets/Scenes/SampleScene/Lightmap-0_comp_light.exr using Guid(81829a0fd8409b549ab52c42255f7e21) Importer(815301076,1909f56bfc062723c751e8b465ee728b)  -> (artifact id: 'f2f1762fd4ad3d4a2ff89ad4b660aae0') in 0.019637 seconds
  Import took 0.024687 seconds .

========================================================================
Received Import Request.
  Time since last request: 0.000217 seconds.
  path: Assets/Scenes/SampleScene/Lightmap-0_comp_dir.png
  artifactKey: Guid(237dca9cbfe5cac468f88b7b1bde8d6c) Importer(815301076,1909f56bfc062723c751e8b465ee728b)
Start importing Assets/Scenes/SampleScene/Lightmap-0_comp_dir.png using Guid(237dca9cbfe5cac468f88b7b1bde8d6c) Importer(815301076,1909f56bfc062723c751e8b465ee728b)  -> (artifact id: '9477351e3c05ef6b58876cdc192de2aa') in 0.006705 seconds
  Import took 0.010383 seconds .

========================================================================
Received Import Request.
  Time since last request: 0.000204 seconds.
  path: Assets/Scenes/SampleScene/Lightmap-0_comp_light.exr
  artifactKey: Guid(81829a0fd8409b549ab52c42255f7e21) Importer(815301076,1909f56bfc062723c751e8b465ee728b)
Start importing Assets/Scenes/SampleScene/Lightmap-0_comp_light.exr using Guid(81829a0fd8409b549ab52c42255f7e21) Importer(815301076,1909f56bfc062723c751e8b465ee728b)  -> (artifact id: 'f2f1762fd4ad3d4a2ff89ad4b660aae0') in 0.005859 seconds
  Import took 0.009259 seconds .

========================================================================
Received Import Request.
  Time since last request: 0.000260 seconds.
  path: Assets/Scenes/SampleScene/ReflectionProbe-0.exr
  artifactKey: Guid(08d8bc05cecb20d449ef81f5cdcd835a) Importer(815301076,1909f56bfc062723c751e8b465ee728b)
Start importing Assets/Scenes/SampleScene/ReflectionProbe-0.exr using Guid(08d8bc05cecb20d449ef81f5cdcd835a) Importer(815301076,1909f56bfc062723c751e8b465ee728b)  -> (artifact id: '616ded3eb7a4bb59b9fd932cebae8f08') in 0.032074 seconds
  Import took 0.036144 seconds .

========================================================================
Received Import Request.
  Time since last request: 0.003336 seconds.
  path: Assets/Scenes/SampleScene/ReflectionProbe-0.exr
  artifactKey: Guid(08d8bc05cecb20d449ef81f5cdcd835a) Importer(815301076,1909f56bfc062723c751e8b465ee728b)
Start importing Assets/Scenes/SampleScene/ReflectionProbe-0.exr using Guid(08d8bc05cecb20d449ef81f5cdcd835a) Importer(815301076,1909f56bfc062723c751e8b465ee728b)  -> (artifact id: '616ded3eb7a4bb59b9fd932cebae8f08') in 0.008505 seconds
  Import took 0.012428 seconds .

========================================================================
Received Import Request.
  Time since last request: 28.502823 seconds.
  path: Assets/Materials/Player Shader Graph.shadergraph
  artifactKey: Guid(636123f157d08a642b2119307826c4f6) Importer(815301076,1909f56bfc062723c751e8b465ee728b)
Start importing Assets/Materials/Player Shader Graph.shadergraph using Guid(636123f157d08a642b2119307826c4f6) Importer(815301076,1909f56bfc062723c751e8b465ee728b)  -> (artifact id: '25f13bfbddbd9e51f17b9694aca1381c') in 0.002522 seconds
  Import took 0.007546 seconds .

========================================================================
Received Import Request.
  Time since last request: 0.415876 seconds.
  path: Assets/Materials/Player Shader Graph.shadergraph
  artifactKey: Guid(636123f157d08a642b2119307826c4f6) Importer(815301076,1909f56bfc062723c751e8b465ee728b)
Start importing Assets/Materials/Player Shader Graph.shadergraph using Guid(636123f157d08a642b2119307826c4f6) Importer(815301076,1909f56bfc062723c751e8b465ee728b)  -> (artifact id: '25f13bfbddbd9e51f17b9694aca1381c') in 0.002605 seconds
  Import took 0.006402 seconds .

========================================================================
Received Import Request.
  Time since last request: 4.782261 seconds.
  path: Assets/Materials/Sprite PBR.shadergraph
  artifactKey: Guid(636123f157d08a642b2119307826c4f6) Importer(815301076,1909f56bfc062723c751e8b465ee728b)
Start importing Assets/Materials/Sprite PBR.shadergraph using Guid(636123f157d08a642b2119307826c4f6) Importer(815301076,1909f56bfc062723c751e8b465ee728b)  -> (artifact id: '8b8831441fdba4105416206a0647f1a5') in 0.002603 seconds
  Import took 0.007189 seconds .

========================================================================
Received Prepare
Registering precompiled user dll's ...
Registered in 0.001175 seconds.
Begin MonoManager ReloadAssembly
Native extension for WindowsStandalone target not found
Native extension for WebGL target not found
Refreshing native plugins compatible for Editor in 0.35 ms, found 0 plugins.
Preloading 0 native plugins for Editor in 0.00 ms.
Invoked RoslynAnalysisRunner static constructor.
RoslynAnalysisRunner will not be running.
RoslynAnalysisRunner has terminated.
Mono: successfully reloaded assembly
- Completed reload, in  0.844 seconds
Platform modules already initialized, skipping
Shader 'Universal Render Pipeline/Particles/Lit': fallback shader 'Universal Render Pipeline/Particles/SimpleLit' not found
Refreshing native plugins compatible for Editor in 0.44 ms, found 0 plugins.
Preloading 0 native plugins for Editor in 0.00 ms.
Unloading 2286 Unused Serialized files (Serialized files now loaded: 0)
System memory in use before: 124.8 MB.
System memory in use after: 125.0 MB.

Unloading 6 unused Assets to reduce memory usage. Loaded Objects now: 2940.
Total: 2.244000 ms (FindLiveObjects: 0.285700 ms CreateObjectMapping: 0.150600 ms MarkObjects: 1.721000 ms  DeleteObjects: 0.085500 ms)

========================================================================
Received Prepare
Registering precompiled user dll's ...
Registered in 0.001087 seconds.
Begin MonoManager ReloadAssembly
Native extension for WindowsStandalone target not found
Native extension for WebGL target not found
Refreshing native plugins compatible for Editor in 0.40 ms, found 0 plugins.
Preloading 0 native plugins for Editor in 0.00 ms.
Invoked RoslynAnalysisRunner static constructor.
RoslynAnalysisRunner will not be running.
RoslynAnalysisRunner has terminated.
Mono: successfully reloaded assembly
- Completed reload, in  0.769 seconds
Platform modules already initialized, skipping
Shader 'Universal Render Pipeline/Particles/Lit': fallback shader 'Universal Render Pipeline/Particles/SimpleLit' not found
Refreshing native plugins compatible for Editor in 0.47 ms, found 0 plugins.
Preloading 0 native plugins for Editor in 0.00 ms.
Unloading 2286 Unused Serialized files (Serialized files now loaded: 0)
System memory in use before: 124.8 MB.
System memory in use after: 125.0 MB.

Unloading 6 unused Assets to reduce memory usage. Loaded Objects now: 2942.
Total: 3.234200 ms (FindLiveObjects: 0.587500 ms CreateObjectMapping: 0.285900 ms MarkObjects: 2.245100 ms  DeleteObjects: 0.114000 ms)

========================================================================
Received Prepare
Registering precompiled user dll's ...
Registered in 0.001213 seconds.
Begin MonoManager ReloadAssembly
Native extension for WindowsStandalone target not found
Native extension for WebGL target not found
Refreshing native plugins compatible for Editor in 0.37 ms, found 0 plugins.
Preloading 0 native plugins for Editor in 0.00 ms.
Invoked RoslynAnalysisRunner static constructor.
RoslynAnalysisRunner will not be running.
RoslynAnalysisRunner has terminated.
Mono: successfully reloaded assembly
- Completed reload, in  0.793 seconds
Platform modules already initialized, skipping
Shader 'Universal Render Pipeline/Particles/Lit': fallback shader 'Universal Render Pipeline/Particles/SimpleLit' not found
Refreshing native plugins compatible for Editor in 0.38 ms, found 0 plugins.
Preloading 0 native plugins for Editor in 0.00 ms.
Unloading 2286 Unused Serialized files (Serialized files now loaded: 0)
System memory in use before: 124.7 MB.
System memory in use after: 124.9 MB.

Unloading 6 unused Assets to reduce memory usage. Loaded Objects now: 2944.
Total: 2.571600 ms (FindLiveObjects: 0.265700 ms CreateObjectMapping: 0.326200 ms MarkObjects: 1.878100 ms  DeleteObjects: 0.100300 ms)

========================================================================
Received Prepare
Registering precompiled user dll's ...
Registered in 0.001128 seconds.
Begin MonoManager ReloadAssembly
Native extension for WindowsStandalone target not found
Native extension for WebGL target not found
Refreshing native plugins compatible for Editor in 0.37 ms, found 0 plugins.
Preloading 0 native plugins for Editor in 0.00 ms.
Invoked RoslynAnalysisRunner static constructor.
RoslynAnalysisRunner will not be running.
RoslynAnalysisRunner has terminated.
Mono: successfully reloaded assembly
- Completed reload, in  0.786 seconds
Platform modules already initialized, skipping
Shader 'Universal Render Pipeline/Particles/Lit': fallback shader 'Universal Render Pipeline/Particles/SimpleLit' not found
Refreshing native plugins compatible for Editor in 0.41 ms, found 0 plugins.
Preloading 0 native plugins for Editor in 0.00 ms.
Unloading 2286 Unused Serialized files (Serialized files now loaded: 0)
System memory in use before: 124.9 MB.
System memory in use after: 125.1 MB.

Unloading 6 unused Assets to reduce memory usage. Loaded Objects now: 2946.
Total: 2.441200 ms (FindLiveObjects: 0.277700 ms CreateObjectMapping: 0.123900 ms MarkObjects: 1.916700 ms  DeleteObjects: 0.121200 ms)

========================================================================
Received Prepare
Registering precompiled user dll's ...
Registered in 0.001053 seconds.
Begin MonoManager ReloadAssembly
Native extension for WindowsStandalone target not found
Native extension for WebGL target not found
Refreshing native plugins compatible for Editor in 0.35 ms, found 0 plugins.
Preloading 0 native plugins for Editor in 0.00 ms.
Invoked RoslynAnalysisRunner static constructor.
RoslynAnalysisRunner will not be running.
RoslynAnalysisRunner has terminated.
Mono: successfully reloaded assembly
- Completed reload, in  0.822 seconds
Platform modules already initialized, skipping
Shader 'Universal Render Pipeline/Particles/Lit': fallback shader 'Universal Render Pipeline/Particles/SimpleLit' not found
Refreshing native plugins compatible for Editor in 0.38 ms, found 0 plugins.
Preloading 0 native plugins for Editor in 0.00 ms.
Unloading 2286 Unused Serialized files (Serialized files now loaded: 0)
System memory in use before: 124.9 MB.
System memory in use after: 125.1 MB.

Unloading 6 unused Assets to reduce memory usage. Loaded Objects now: 2948.
Total: 24.251000 ms (FindLiveObjects: 1.079400 ms CreateObjectMapping: 0.261900 ms MarkObjects: 22.794800 ms  DeleteObjects: 0.113400 ms)

========================================================================
Received Prepare
Registering precompiled user dll's ...
Registered in 0.001171 seconds.
Begin MonoManager ReloadAssembly
Native extension for WindowsStandalone target not found
Native extension for WebGL target not found
Refreshing native plugins compatible for Editor in 0.36 ms, found 0 plugins.
Preloading 0 native plugins for Editor in 0.00 ms.
Invoked RoslynAnalysisRunner static constructor.
RoslynAnalysisRunner will not be running.
RoslynAnalysisRunner has terminated.
Mono: successfully reloaded assembly
- Completed reload, in  0.785 seconds
Platform modules already initialized, skipping
Shader 'Universal Render Pipeline/Particles/Lit': fallback shader 'Universal Render Pipeline/Particles/SimpleLit' not found
Refreshing native plugins compatible for Editor in 0.41 ms, found 0 plugins.
Preloading 0 native plugins for Editor in 0.00 ms.
Unloading 2286 Unused Serialized files (Serialized files now loaded: 0)
System memory in use before: 124.9 MB.
System memory in use after: 125.1 MB.

Unloading 6 unused Assets to reduce memory usage. Loaded Objects now: 2950.
Total: 2.740100 ms (FindLiveObjects: 0.352600 ms CreateObjectMapping: 0.169300 ms MarkObjects: 2.115000 ms  DeleteObjects: 0.101900 ms)

========================================================================
Received Prepare
Registering precompiled user dll's ...
Registered in 0.001106 seconds.
Begin MonoManager ReloadAssembly
Native extension for WindowsStandalone target not found
Native extension for WebGL target not found
Refreshing native plugins compatible for Editor in 0.38 ms, found 0 plugins.
Preloading 0 native plugins for Editor in 0.00 ms.
Invoked RoslynAnalysisRunner static constructor.
RoslynAnalysisRunner will not be running.
RoslynAnalysisRunner has terminated.
Mono: successfully reloaded assembly
- Completed reload, in  0.776 seconds
Platform modules already initialized, skipping
Shader 'Universal Render Pipeline/Particles/Lit': fallback shader 'Universal Render Pipeline/Particles/SimpleLit' not found
Refreshing native plugins compatible for Editor in 0.44 ms, found 0 plugins.
Preloading 0 native plugins for Editor in 0.00 ms.
Unloading 2286 Unused Serialized files (Serialized files now loaded: 0)
System memory in use before: 124.7 MB.
System memory in use after: 124.9 MB.

Unloading 6 unused Assets to reduce memory usage. Loaded Objects now: 2952.
Total: 2.386400 ms (FindLiveObjects: 0.251400 ms CreateObjectMapping: 0.125100 ms MarkObjects: 1.918000 ms  DeleteObjects: 0.090800 ms)

========================================================================
Received Import Request.
  Time since last request: 343.145839 seconds.
  path: Assets/Materials/Sprite PBR.shadergraph
  artifactKey: Guid(636123f157d08a642b2119307826c4f6) Importer(815301076,1909f56bfc062723c751e8b465ee728b)
Start importing Assets/Materials/Sprite PBR.shadergraph using Guid(636123f157d08a642b2119307826c4f6) Importer(815301076,1909f56bfc062723c751e8b465ee728b)  -> (artifact id: 'b1000f73f951818405adb82bac3d33c6') in 0.014482 seconds
  Import took 0.018896 seconds .

========================================================================
Received Import Request.
  Time since last request: 0.001569 seconds.
  path: Assets/Materials/Sprite PBR.shadergraph
  artifactKey: Guid(636123f157d08a642b2119307826c4f6) Importer(815301076,1909f56bfc062723c751e8b465ee728b)
Start importing Assets/Materials/Sprite PBR.shadergraph using Guid(636123f157d08a642b2119307826c4f6) Importer(815301076,1909f56bfc062723c751e8b465ee728b)  -> (artifact id: 'b1000f73f951818405adb82bac3d33c6') in 0.003445 seconds
  Import took 0.007390 seconds .

========================================================================
Received Prepare
Registering precompiled user dll's ...
Registered in 0.001167 seconds.
Begin MonoManager ReloadAssembly
Native extension for WindowsStandalone target not found
Native extension for WebGL target not found
Refreshing native plugins compatible for Editor in 0.35 ms, found 0 plugins.
Preloading 0 native plugins for Editor in 0.00 ms.
Invoked RoslynAnalysisRunner static constructor.
RoslynAnalysisRunner will not be running.
RoslynAnalysisRunner has terminated.
Mono: successfully reloaded assembly
- Completed reload, in  0.774 seconds
Platform modules already initialized, skipping
Shader 'Universal Render Pipeline/Particles/Lit': fallback shader 'Universal Render Pipeline/Particles/SimpleLit' not found
Refreshing native plugins compatible for Editor in 0.45 ms, found 0 plugins.
Preloading 0 native plugins for Editor in 0.00 ms.
Unloading 2286 Unused Serialized files (Serialized files now loaded: 0)
System memory in use before: 124.8 MB.
System memory in use after: 125.0 MB.

Unloading 6 unused Assets to reduce memory usage. Loaded Objects now: 2954.
Total: 3.183000 ms (FindLiveObjects: 0.462300 ms CreateObjectMapping: 0.289600 ms MarkObjects: 2.321700 ms  DeleteObjects: 0.107800 ms)

========================================================================
Received Import Request.
  Time since last request: 36.050965 seconds.
  path: Assets/Materials/Sprite PBR.shadergraph
  artifactKey: Guid(636123f157d08a642b2119307826c4f6) Importer(815301076,1909f56bfc062723c751e8b465ee728b)
Start importing Assets/Materials/Sprite PBR.shadergraph using Guid(636123f157d08a642b2119307826c4f6) Importer(815301076,1909f56bfc062723c751e8b465ee728b)  -> (artifact id: 'e869fb70e11f480fa11098ddde5a8e63') in 0.011212 seconds
  Import took 0.016062 seconds .

========================================================================
Received Import Request.
  Time since last request: 83.687587 seconds.
  path: Assets/Materials/Player.mat
  artifactKey: Guid(9d55af61364c839439a229ffa0cb4f2f) Importer(815301076,1909f56bfc062723c751e8b465ee728b)
Start importing Assets/Materials/Player.mat using Guid(9d55af61364c839439a229ffa0cb4f2f) Importer(815301076,1909f56bfc062723c751e8b465ee728b)  -> (artifact id: '99fa0197238bdf6343d778f82b2804a6') in 0.165709 seconds
  Import took 0.169495 seconds .

========================================================================
Received Import Request.
  Time since last request: 0.005330 seconds.
  path: Assets/Materials/Player.mat
  artifactKey: Guid(9d55af61364c839439a229ffa0cb4f2f) Importer(815301076,1909f56bfc062723c751e8b465ee728b)
Start importing Assets/Materials/Player.mat using Guid(9d55af61364c839439a229ffa0cb4f2f) Importer(815301076,1909f56bfc062723c751e8b465ee728b)  -> (artifact id: '99fa0197238bdf6343d778f82b2804a6') in 0.024085 seconds
  Import took 0.027973 seconds .

========================================================================
Received Import Request.
  Time since last request: 36.044689 seconds.
  path: Assets/Materials/Sprite PBR.shadergraph
  artifactKey: Guid(636123f157d08a642b2119307826c4f6) Importer(815301076,1909f56bfc062723c751e8b465ee728b)
Start importing Assets/Materials/Sprite PBR.shadergraph using Guid(636123f157d08a642b2119307826c4f6) Importer(815301076,1909f56bfc062723c751e8b465ee728b)  -> (artifact id: '846e020019ce18500f2a7097a56f6833') in 0.003551 seconds
  Import took 0.009219 seconds .

========================================================================
Received Prepare
Registering precompiled user dll's ...
Registered in 0.001051 seconds.
Begin MonoManager ReloadAssembly
Native extension for WindowsStandalone target not found
Native extension for WebGL target not found
Refreshing native plugins compatible for Editor in 0.35 ms, found 0 plugins.
Preloading 0 native plugins for Editor in 0.00 ms.
Invoked RoslynAnalysisRunner static constructor.
RoslynAnalysisRunner will not be running.
RoslynAnalysisRunner has terminated.
Mono: successfully reloaded assembly
- Completed reload, in  0.826 seconds
Platform modules already initialized, skipping
Shader 'Universal Render Pipeline/Particles/Lit': fallback shader 'Universal Render Pipeline/Particles/SimpleLit' not found
Refreshing native plugins compatible for Editor in 0.43 ms, found 0 plugins.
Preloading 0 native plugins for Editor in 0.00 ms.
Unloading 2287 Unused Serialized files (Serialized files now loaded: 0)
System memory in use before: 125.4 MB.
System memory in use after: 125.6 MB.

Unloading 6 unused Assets to reduce memory usage. Loaded Objects now: 2993.
Total: 2.516800 ms (FindLiveObjects: 0.283400 ms CreateObjectMapping: 0.136300 ms MarkObjects: 2.004400 ms  DeleteObjects: 0.091300 ms)

========================================================================
Received Prepare
Registering precompiled user dll's ...
Registered in 0.001677 seconds.
Begin MonoManager ReloadAssembly
Native extension for WindowsStandalone target not found
Native extension for WebGL target not found
Refreshing native plugins compatible for Editor in 1.07 ms, found 0 plugins.
Preloading 0 native plugins for Editor in 0.00 ms.
Invoked RoslynAnalysisRunner static constructor.
RoslynAnalysisRunner will not be running.
RoslynAnalysisRunner has terminated.
Mono: successfully reloaded assembly
- Completed reload, in  0.902 seconds
Platform modules already initialized, skipping
Shader 'Universal Render Pipeline/Particles/Lit': fallback shader 'Universal Render Pipeline/Particles/SimpleLit' not found
Refreshing native plugins compatible for Editor in 0.45 ms, found 0 plugins.
Preloading 0 native plugins for Editor in 0.00 ms.
Unloading 2286 Unused Serialized files (Serialized files now loaded: 0)
System memory in use before: 125.4 MB.
System memory in use after: 125.6 MB.

Unloading 6 unused Assets to reduce memory usage. Loaded Objects now: 2995.
Total: 2.449300 ms (FindLiveObjects: 0.266600 ms CreateObjectMapping: 0.118700 ms MarkObjects: 1.953200 ms  DeleteObjects: 0.109300 ms)

========================================================================
Received Prepare
Registering precompiled user dll's ...
Registered in 0.001223 seconds.
Begin MonoManager ReloadAssembly
Native extension for WindowsStandalone target not found
Native extension for WebGL target not found
Refreshing native plugins compatible for Editor in 0.44 ms, found 0 plugins.
Preloading 0 native plugins for Editor in 0.00 ms.
Invoked RoslynAnalysisRunner static constructor.
RoslynAnalysisRunner will not be running.
RoslynAnalysisRunner has terminated.
Mono: successfully reloaded assembly
- Completed reload, in  1.077 seconds
Platform modules already initialized, skipping
Shader 'Universal Render Pipeline/Particles/Lit': fallback shader 'Universal Render Pipeline/Particles/SimpleLit' not found
Refreshing native plugins compatible for Editor in 0.83 ms, found 0 plugins.
Preloading 0 native plugins for Editor in 0.00 ms.
Unloading 2286 Unused Serialized files (Serialized files now loaded: 0)
System memory in use before: 125.4 MB.
System memory in use after: 125.6 MB.

Unloading 6 unused Assets to reduce memory usage. Loaded Objects now: 2997.
Total: 3.919100 ms (FindLiveObjects: 0.509800 ms CreateObjectMapping: 0.191800 ms MarkObjects: 3.093600 ms  DeleteObjects: 0.121500 ms)

========================================================================
Received Prepare
Registering precompiled user dll's ...
Registered in 0.001451 seconds.
Begin MonoManager ReloadAssembly
Native extension for WindowsStandalone target not found
Native extension for WebGL target not found
Refreshing native plugins compatible for Editor in 0.84 ms, found 0 plugins.
Preloading 0 native plugins for Editor in 0.00 ms.
Invoked RoslynAnalysisRunner static constructor.
RoslynAnalysisRunner will not be running.
RoslynAnalysisRunner has terminated.
Mono: successfully reloaded assembly
- Completed reload, in  0.942 seconds
Platform modules already initialized, skipping
Shader 'Universal Render Pipeline/Particles/Lit': fallback shader 'Universal Render Pipeline/Particles/SimpleLit' not found
Refreshing native plugins compatible for Editor in 0.51 ms, found 0 plugins.
Preloading 0 native plugins for Editor in 0.00 ms.
Unloading 2286 Unused Serialized files (Serialized files now loaded: 0)
System memory in use before: 125.2 MB.
System memory in use after: 125.4 MB.

Unloading 6 unused Assets to reduce memory usage. Loaded Objects now: 2999.
Total: 7.868600 ms (FindLiveObjects: 0.568000 ms CreateObjectMapping: 1.543100 ms MarkObjects: 5.588900 ms  DeleteObjects: 0.166200 ms)

========================================================================
Received Prepare
Registering precompiled user dll's ...
Registered in 0.001548 seconds.
Begin MonoManager ReloadAssembly
Native extension for WindowsStandalone target not found
Native extension for WebGL target not found
Refreshing native plugins compatible for Editor in 0.39 ms, found 0 plugins.
Preloading 0 native plugins for Editor in 0.00 ms.
Invoked RoslynAnalysisRunner static constructor.
RoslynAnalysisRunner will not be running.
RoslynAnalysisRunner has terminated.
Mono: successfully reloaded assembly
- Completed reload, in  0.995 seconds
Platform modules already initialized, skipping
Shader 'Universal Render Pipeline/Particles/Lit': fallback shader 'Universal Render Pipeline/Particles/SimpleLit' not found
Refreshing native plugins compatible for Editor in 0.40 ms, found 0 plugins.
Preloading 0 native plugins for Editor in 0.00 ms.
Unloading 2286 Unused Serialized files (Serialized files now loaded: 0)
System memory in use before: 125.3 MB.
System memory in use after: 125.5 MB.

Unloading 6 unused Assets to reduce memory usage. Loaded Objects now: 3001.
Total: 29.569200 ms (FindLiveObjects: 21.207600 ms CreateObjectMapping: 1.399600 ms MarkObjects: 6.816600 ms  DeleteObjects: 0.142100 ms)

========================================================================
Received Prepare
Registering precompiled user dll's ...
Registered in 0.001428 seconds.
Begin MonoManager ReloadAssembly
Native extension for WindowsStandalone target not found
Native extension for WebGL target not found
Refreshing native plugins compatible for Editor in 0.40 ms, found 0 plugins.
Preloading 0 native plugins for Editor in 0.00 ms.
Invoked RoslynAnalysisRunner static constructor.
RoslynAnalysisRunner will not be running.
RoslynAnalysisRunner has terminated.
Mono: successfully reloaded assembly
- Completed reload, in  0.962 seconds
Platform modules already initialized, skipping
Shader 'Universal Render Pipeline/Particles/Lit': fallback shader 'Universal Render Pipeline/Particles/SimpleLit' not found
Refreshing native plugins compatible for Editor in 0.56 ms, found 0 plugins.
Preloading 0 native plugins for Editor in 0.00 ms.
Unloading 2286 Unused Serialized files (Serialized files now loaded: 0)
System memory in use before: 125.4 MB.
System memory in use after: 125.6 MB.

Unloading 6 unused Assets to reduce memory usage. Loaded Objects now: 3003.
Total: 3.419300 ms (FindLiveObjects: 0.440300 ms CreateObjectMapping: 0.249300 ms MarkObjects: 2.593700 ms  DeleteObjects: 0.133300 ms)

========================================================================
Received Prepare
Registering precompiled user dll's ...
Registered in 0.001180 seconds.
Begin MonoManager ReloadAssembly
Native extension for WindowsStandalone target not found
Native extension for WebGL target not found
Refreshing native plugins compatible for Editor in 0.59 ms, found 0 plugins.
Preloading 0 native plugins for Editor in 0.00 ms.
Invoked RoslynAnalysisRunner static constructor.
RoslynAnalysisRunner will not be running.
RoslynAnalysisRunner has terminated.
Mono: successfully reloaded assembly
- Completed reload, in  1.209 seconds
Platform modules already initialized, skipping
Shader 'Universal Render Pipeline/Particles/Lit': fallback shader 'Universal Render Pipeline/Particles/SimpleLit' not found
Refreshing native plugins compatible for Editor in 0.56 ms, found 0 plugins.
Preloading 0 native plugins for Editor in 0.00 ms.
Unloading 2286 Unused Serialized files (Serialized files now loaded: 0)
System memory in use before: 125.4 MB.
System memory in use after: 125.6 MB.

Unloading 6 unused Assets to reduce memory usage. Loaded Objects now: 3005.
Total: 4.297700 ms (FindLiveObjects: 0.997600 ms CreateObjectMapping: 0.594300 ms MarkObjects: 2.614900 ms  DeleteObjects: 0.089100 ms)

AssetImportWorkerClient::OnTransportError - code=2 error=End of file
